<?xml version="1.0" encoding="UTF-8"?>
<!-- Generated by org.testng.reporters.JUnitReportReporter -->
<testsuite hostname="LAPTOP-P68MVO59" failures="0" tests="4" name="testng_practise.ParameterizedTest" time="7.261" errors="1" timestamp="2023-01-24T13:07:21 IST" skipped="0">
  <testcase classname="testng_practise.ParameterizedTest" name="getUrl" time="1.049"/>
  <system-out/>
  <testcase classname="testng_practise.ParameterizedTest" name="login_btn" time="2.790"/>
  <system-out/>
  <testcase classname="testng_practise.ParameterizedTest" name="broswerLaunch" time="3.422"/>
  <system-out/>
  <testcase classname="testng_practise.ParameterizedTest" name="inputData" time="0.000">
    <error message="
Parameter &#039;username&#039; is required by @Test on method inputData but has not been marked @Optional or defined
in C:\Users\Manoj\eclipse-workspace\Test_NG\parallel.xml" type="org.testng.TestNGException">
      <![CDATA[org.testng.TestNGException: 
Parameter 'username' is required by @Test on method inputData but has not been marked @Optional or defined
in C:\Users\Manoj\eclipse-workspace\Test_NG\parallel.xml
at org.testng.internal.Parameters.createParams(Parameters.java:270)
at org.testng.internal.Parameters.createParametersForMethod(Parameters.java:358)
at org.testng.internal.Parameters.createParameters(Parameters.java:700)
at org.testng.internal.Parameters.handleParameters(Parameters.java:884)
at org.testng.internal.Parameters.handleParameters(Parameters.java:740)
at org.testng.internal.ParameterHandler.handleParameters(ParameterHandler.java:59)
at org.testng.internal.ParameterHandler.createParameters(ParameterHandler.java:38)
at org.testng.internal.TestInvoker$MethodInvocationAgent.invoke(TestInvoker.java:791)
at org.testng.internal.TestInvoker.invokeTestMethods(TestInvoker.java:146)
at org.testng.internal.TestMethodWorker.invokeTestMethods(TestMethodWorker.java:146)
at org.testng.internal.TestMethodWorker.run(TestMethodWorker.java:128)
at java.base/java.util.concurrent.ThreadPoolExecutor.runWorker(ThreadPoolExecutor.java:1136)
at java.base/java.util.concurrent.ThreadPoolExecutor$Worker.run(ThreadPoolExecutor.java:635)
at java.base/java.lang.Thread.run(Thread.java:833)
]]>
    </error>
  </testcase> <!-- inputData -->
  <system-out/>
</testsuite> <!-- testng_practise.ParameterizedTest -->
